; Top Design: "PowerAmplifier_lib:Harmonic-Balance-2Tone:schematic"
; Netlisted using Hierarchy Policy: "Standard"

Options ResourceUsage=yes UseNutmegFormat=no EnableOptim=no TopDesignName="PowerAmplifier_lib:Harmonic-Balance-2Tone:schematic" DcopOutputNodeVoltages=yes DcopOutputPinCurrents=yes DcopOutputAllSweepPoints=no DcopOutputDcopType=0
; Library Name: Johanson_lib
; Cell Name: CapJT
; View Name: schematic
define CapJT ( P1  P2 ) 
parameters  C=1.0 pF 
C:C7  N__1 P2 C=0.937*C 
L:L1  P1 N__1 L=(0.647*(C/(1pF))^-0.0414) nH R=3.74*(C/(1pF))^-0.195 Ohm Noise=yes  
C:C10  P2 0 C=0.0317 pF 
C:C9  P1 0 C=0.0317 pF 
end CapJT

; Library Name: PowerAmplifier_lib
; Cell Name: IMC
; View Name: schematic
define IMC ( "RF-in"  "RF-out" ) 
;parameters 
MLIN2:TL6  N__8 N__6 Subst="MSub1" W=W mm L=L2 mm Wall1=2.5e+28 mm Wall2=2.5e+28 mm Mod=1 
VIA:V1  N__6 0 D1=0.8 mm D2=0.8 mm H=1.52 mm T=0.00375 mm 
MCURVE:Curve1  N__4 N__3 Subst="MSub1" W=W mm Angle=90 Radius=r mm 
model MSub1 MSUB H=1.52 mm Er=4.4 Mur=1 Cond=5.96e7 Hu=1e+33 mm T=35 um TanD=0.02 Rough=0 mm DielectricLossModel=1 FreqForEpsrTanD=1.0 GHz LowFreqForTanD=1.0 kHz HighFreqForTanD=1.0 THz RoughnessModel=2 
MLIN2:TL3  N__3 N__10 Subst="MSub1" W=W mm L=(L1-LT) mm Wall1=2.5e+28 mm Wall2=2.5e+28 mm Mod=1 
MTEE_ADS:Tee1  N__9 N__8 N__1 Subst="MSub1" W1=W mm W2=W mm W3=W mm 

W=2.89 noopt{ 0.8 to 3.5 }
L1=9.00069 opt{ 9 to 11 }
L2=1.86082 opt{ 1.8 to 16 }
L3=9.70192 opt{ 3 to 16 }
L4=10
r=4 noopt{ 2 to 4 }
MLIN2:TL7  N__1 N__4 Subst="MSub1" W=W mm L=L3 mm Wall1=2.5e+28 mm Wall2=2.5e+28 mm Mod=1 
MLIN2:TL8  N__9 "RF-in" Subst="MSub1" W=W mm L=L4 mm Wall1=2.5e+28 mm Wall2=2.5e+28 mm Mod=1 

LT=4
WT=0.8 notune{ 0.4 to 1.2 by 0.08 }
MTAPER:Taper1  N__10 "RF-out" Subst="MSub1" W1=W mm W2=WT mm L=LT mm 
end IMC

; Library Name: PowerAmplifier_lib
; Cell Name: OMC
; View Name: schematic
define OMC ( Load  PA ) 
;parameters 
MCURVE:Curve1  N__10 N__4 Subst="MSub1" W=W mm Angle=90 Radius=r mm 
VIA:V1  N__5 0 D1=0.8 mm D2=0.8 mm H=1.52 mm T=0.00375 mm 
model MSub1 MSUB H=1.52 mm Er=4.4 Mur=1 Cond=5.96e7 Hu=1e+33 mm T=35 um TanD=0.02 Rough=0 mm DielectricLossModel=1 FreqForEpsrTanD=1.0 GHz LowFreqForTanD=1.0 kHz HighFreqForTanD=1.0 THz RoughnessModel=2 

W=2.89
L1=12.0255 opt{ 4.99 to 15 }
L2=3.7204 opt{ 3 to 6 }
L3=10 opt{ 10 to 16 }
r=2.11383 opt{ 1.77 to 5.31 }
MLIN2:TL4  N__8 N__5 Subst="MSub1" W=W mm L=L2 mm Wall1=2.5e+28 mm Wall2=2.5e+28 mm Mod=1 
MLIN2:TL3  N__3 N__4 Subst="MSub1" W=W mm L=(L1-LT) mm Wall1=2.5e+28 mm Wall2=2.5e+28 mm Mod=1 
MTEE_ADS:Tee1  N__11 N__8 N__7 Subst="MSub1" W1=W mm W2=W mm W3=W mm 
MTAPER:Taper1  N__3 PA Subst="MSub1" W1=W mm W2=WT mm L=LT mm 
MLIN2:TL5  N__10 N__7 Subst="MSub1" W=W mm L=L3 mm Wall1=2.5e+28 mm Wall2=2.5e+28 mm Mod=1 
MLIN2:TL6  N__11 Load Subst="MSub1" W=W mm L=13.65 mm Wall1=2.5e+28 mm Wall2=2.5e+28 mm Mod=1 

LT=4 noopt{ 2 to 6 }
WT=0.8 notune{ 0.4 to 1.2 by 0.08 }
end OMC

; Library Name: PowerAmplifier_lib
; Cell Name: PA
; View Name: schematic
define PA ( "DC-VD"  "DC-VG"  "RF-in"  "RF-out" ) 
;parameters 
#uselib "MA_RFP_ADS_v1p5" , "CG2H40010F_v2"
"CG2H40010F_v2":X1  N__5 N__2 0 Rth=7.83 Tbase=25 VDN=28 x1=1 x2=1 
R:R1  N__4 N__10 R=10 Ohm notune{ 1 Ohm to 20 Ohm by 1 Ohm } Noise=yes 
CapJT:Kap1  N__8 N__19 C=3.3 pF tune{ 1 pF to 20 pF by 0.1 pF } 
GRM18:C5  N__0 "RF-out" PartNumber=900 
GRM18:C4  "RF-in" N__18 PartNumber=900 
model MSub1 MSUB H=1.52 mm Er=4.4 Mur=1 Cond=5.96e7 Hu=1e+33 mm T=35 um TanD=0.02 Rough=0 mm DielectricLossModel=1 FreqForEpsrTanD=1.0 GHz LowFreqForTanD=1.0 kHz HighFreqForTanD=1.0 THz RoughnessModel=2 
MTEE_ADS:Tee1  N__18 N__21 "DC-VG" Subst="MSub1" W1=W3 mm W2=W3 mm W3=W1 mm 

W1=2 notune{ 0.8 to 2.89 by 0.1 }
W2=1.822
W3=0.8
r=0.8 notune{ 0.4 to 1.2 by 0.1 }
GAP0603=1.6
TransGap=4.1
MLIN2:TL4  N__5 N__1 Subst="MSub1" W=W3 mm L=2*W3 mm Wall1=2.5e+28 mm Wall2=2.5e+28 mm Mod=1 
MTEE_ADS:Tee2  N__0 N__16 "DC-VD" Subst="MSub1" W1=W3 mm W2=W3 mm W3=W2 mm 
MCURVE:Curve4  N__10 N__11 Subst="MSub1" W=W3 mm Angle=90 Radius=r mm 
MGAP:Gap1  N__4 N__10 Subst="MSub1" W=W3 mm S=GAP0603 mm 
MTEE_ADS:Tee3  N__20 N__17 N__21 Subst="MSub1" W1=W3 mm W2=W3 mm W3=2*W3 mm 
MTEE_ADS:Tee4  N__11 N__9 N__1 Subst="MSub1" W1=W3 mm W2=W3 mm W3=2*W3 mm 
MCURVE:Curve3  N__17 N__4 Subst="MSub1" W=W3 mm Angle=90 Radius=r mm 
MCURVE:Curve2  N__9 N__19 Subst="MSub1" W=W3 mm Angle=90 Radius=r mm 
MCURVE:Curve1  N__8 N__20 Subst="MSub1" W=W3 mm Angle=90 Radius=r mm 
MGAP:Gap2  N__5 N__2 Subst="MSub1" W=W3 mm S=TransGap mm 
MLIN2:TL5  N__16 N__2 Subst="MSub1" W=W3 mm L=2*W3 mm Wall1=2.5e+28 mm Wall2=2.5e+28 mm Mod=1 
end PA

; Library Name: PowerAmplifier_lib
; Cell Name: VD-DC-Feed
; View Name: schematic
define "VD-DC-Feed" ( "DC-RF"  "DC-VD" ) 
;parameters 
MTEE_ADS:Tee6  N__29 N__23 N__13 Subst="MSub1" W1=W4 mm W2=W4 mm W3=(W4+1.6) mm 
MTEE_ADS:Tee7  N__25 N__23 N__19 Subst="MSub1" W1=W3 mm W2=W4 mm W3=W4 mm 
VIA:V2  N__13 0 D1=0.8 mm D2=0.8 mm H=1.52 mm T=0.00375 mm 

Pad=2.5 tune{ 1.25 to 3.75 by 0.25 }
MLIN2:TL17  N__24 N__21 Subst="MSub1" W=W2 mm L=(L2*0.5) mm Wall1=1.0E+30 mil Wall2=1.0E+30 mil Mod=1 
MLIN2:TL16  N__21 "DC-VD" Subst="MSub1" W=Pad mm L=Pad mm Wall1=1.0E+30 mil Wall2=1.0E+30 mil Mod=1 
CapJT:Kap1  N__18 N__4 C=82 pF 
MLIN2:TL10  N__15 N__14 Subst="MSub1" W=W2 mm L=(L2*0.5) mm Wall1=1.0E+30 mil Wall2=1.0E+30 mil Mod=1 
model MSub1 MSUB H=1.52 mm Er=4.4 Mur=1 Cond=5.96e7 Hu=1e+33 mm T=35 um TanD=0.02 Rough=0 mm DielectricLossModel=1 FreqForEpsrTanD=1.0 GHz LowFreqForTanD=1.0 kHz HighFreqForTanD=1.0 THz RoughnessModel=2 

#ifndef muRataLibWeb_C
#define muRataLibWeb_C
; models
#include "C:/Users/skaug/TTT4201-Radiosystemdesign/ADSbibs/muRataLibWeb_C_EIA_confidential/circuit/models/encode.net"
#endif


MLIN2:TL11  N__32 N__33 Subst="MSub1" W=W1 mm L=L3 mm Wall1=2.5e+28 mm Wall2=2.5e+28 mm Mod=1 
MCURVE:Curve1  N__33 N__36 Subst="MSub1" W=W1 mm Angle=90 Radius=r mm 
VIA:V4  N__18 0 D1=0.4 mm D2=0.4 mm H=1.52 mm T=0.00375 mm 
MLIN2:TL9  N__1 N__26 Subst="MSub1" W=W2 mm L=L2 mm Wall1=1.0E+30 mil Wall2=1.0E+30 mil Mod=1 
MLIN2:TL8  N__8 N__7 Subst="MSub1" W=W2 mm L=L2 mm Wall1=1.0E+30 mil Wall2=1.0E+30 mil Mod=1 
MLIN2:TL5  N__30 N__11 Subst="MSub1" W=W2 mm L=L2 mm Wall1=1.0E+30 mil Wall2=1.0E+30 mil Mod=1 
MLIN2:TL3  "DC-RF" N__31 Subst="MSub1" W=W1 mm L=L1 mm Wall1=1.0E+30 mil Wall2=1.0E+30 mil Mod=1 
MLOC2:TL4  N__36 Subst="MSub1" W=W1 mm L=L4 mm Wall1=1.0E+30 mil Wall2=1.0E+30 mil Mod=1 
MCROSO:Cros1  N__30 N__31 N__4 N__32 Subst="MSub1" W1=W2 mm W2=W1 mm W3=W2 mm W4=W1 mm 
MTEE_ADS:Tee5  N__15 N__26 N__34 Subst="MSub1" W1=W2 mm W2=W2 mm W3=W4 mm 
MTEE_ADS:Tee4  N__1 N__7 N__35 Subst="MSub1" W1=W2 mm W2=W2 mm W3=W4 mm 
MTEE_ADS:Tee1  N__8 N__11 N__16 Subst="MSub1" W1=W2 mm W2=W2 mm W3=W3 mm 
MCORN:Corn3  N__24 N__14 Subst="MSub1" W=W2 mm 
GRM18:C5  N__20 N__16 PartNumber=900 
GRM31:C7  N__17 N__34 PartNumber=545 
GRM31:C6  N__19 N__35 PartNumber=456 

L1=17.145
L2=3.2
L3=3
L4=L1-L3-3.14/2*r
r=3

W1=1.822
W2=0.8
W3=0.7
W4=1.6
MLIN2:TL15  N__27 N__20 Subst="MSub1" W=W3 mm L=2.05 mm Wall1=1.0E+30 mil Wall2=1.0E+30 mil Mod=1 
MLIN2:TL14  N__28 N__25 Subst="MSub1" W=W3 mm L=L2 mm Wall1=1.0E+30 mil Wall2=1.0E+30 mil Mod=1 
MCORN:Corn2  N__17 N__29 Subst="MSub1" W=W4 mm 
MCORN:Corn1  N__28 N__27 Subst="MSub1" W=W3 mm 
end "VD-DC-Feed"

; Library Name: PowerAmplifier_lib
; Cell Name: VG-DC-Feed
; View Name: schematic
define "VG-DC-Feed" ( "DC-RF"  "DC-VG" ) 
;parameters 
MCORN:Corn1  N__3 N__18 Subst="MSub1" W=W3 mm 
MLOC2:TL12  N__37 Subst="MSub1" W=W1 mm L=L4 mm Wall1=1.0E+30 mil Wall2=1.0E+30 mil Mod=1 
MLIN2:TL11  N__35 N__36 Subst="MSub1" W=W1 mm L=L3 mm Wall1=2.5e+28 mm Wall2=2.5e+28 mm Mod=1 
MCURVE:Curve1  N__36 N__37 Subst="MSub1" W=W1 mm Angle=90 Radius=r mm 
VIA:V4  0 N__11 D1=0.8 mm D2=0.8 mm H=1.52 mm T=0.00375 mm 
CapJT:Kap1  N__11 N__1 C=82 pF 
MLIN2:TL10  N__23 N__8 Subst="MSub1" W=W2 mm L=L2 mm Wall1=1.0E+30 mil Wall2=1.0E+30 mil Mod=1 
model MSub1 MSUB H=1.52 mm Er=4.4 Mur=1 Cond=5.96e7 Hu=1e+33 mm T=35 um TanD=0.02 Rough=0 mm DielectricLossModel=1 FreqForEpsrTanD=1.0 GHz LowFreqForTanD=1.0 kHz HighFreqForTanD=1.0 THz RoughnessModel=2 

#ifndef muRataLibWeb_C
#define muRataLibWeb_C
; models
#include "C:/Users/skaug/TTT4201-Radiosystemdesign/ADSbibs/muRataLibWeb_C_EIA_confidential/circuit/models/encode.net"
#endif


MLIN2:TL3  "DC-RF" N__25 Subst="MSub1" W=W1 mm L=L1 mm Wall1=1.0E+30 mil Wall2=1.0E+30 mil Mod=1 

L1=17.145
L2=3.2
L3=3
L4=L1-L3-3.14/2*r
r=3
RGAP=1.6
MCROSO:Cros1  N__28 N__25 N__1 N__35 Subst="MSub1" W1=W2 mm W2=W1 mm W3=W2 mm W4=W1 mm 
MTEE_ADS:Tee1  N__29 N__10 N__30 Subst="MSub1" W1=W2 mm W2=W2 mm W3=W3 mm 
MTEE_ADS:Tee7  N__19 N__31 N__4 Subst="MSub1" W1=W3 mm W2=W4 mm W3=W4 mm 
GRM18:C5  N__33 N__30 PartNumber=900 
GRM31:C6  N__4 N__15 PartNumber=456 
GRM31:C7  N__24 N__17 PartNumber=545 
MLIN2:TL5  N__28 N__10 Subst="MSub1" W=W2 mm L=L2 mm Wall1=1.0E+30 mil Wall2=1.0E+30 mil Mod=1 
MLIN2:TL8  N__29 N__21 Subst="MSub1" W=W2 mm L=L2 mm Wall1=1.0E+30 mil Wall2=1.0E+30 mil Mod=1 
MTEE_ADS:Tee4  N__12 N__21 N__15 Subst="MSub1" W1=W2 mm W2=W2 mm W3=W4 mm 
MTEE_ADS:Tee5  N__23 N__38 N__17 Subst="MSub1" W1=W2 mm W2=W2 mm W3=W4 mm 
MLIN2:TL9  N__12 N__38 Subst="MSub1" W=W2 mm L=L2 mm Wall1=1.0E+30 mil Wall2=1.0E+30 mil Mod=1 
MTEE_ADS:Tee6  N__26 N__31 N__9 Subst="MSub1" W1=W4 mm W2=W4 mm W3=(W4+1.6) mm 
MLIN2:TL15  N__18 N__33 Subst="MSub1" W=W3 mm L=2.05 mm Wall1=1.0E+30 mil Wall2=1.0E+30 mil Mod=1 
VIA:V2  N__9 0 D1=0.8 mm D2=0.8 mm H=1.52 mm T=0.00375 mm 

W1=1.2 notune{ 0.8 to 2.89 by 0.1 }
W2=0.8
W3=0.7
W4=1.6
MLIN2:TL16  N__8 "DC-VG" Subst="MSub1" W=Pad mm L=Pad mm Wall1=1.0E+30 mil Wall2=1.0E+30 mil Mod=1 
MCORN:Corn2  N__24 N__26 Subst="MSub1" W=W4 mm 

Pad=2.5 notune{ 1 to 6 by 0.2 }
MLIN2:TL14  N__3 N__19 Subst="MSub1" W=W3 mm L=L2 mm Wall1=1.0E+30 mil Wall2=1.0E+30 mil Mod=1 
end "VG-DC-Feed"

PA:X1  N__10 N__8 N__11 N__9 
IMC:X2  N__1 N__11 
OMC:X3  N__0 N__9 
"VG-DC-Feed":X4  N__8 V_G 
"VD-DC-Feed":X5  N__10 V_D 
V_Source:SRC2  N__4 0 Type="V_DC" Vdc=-2.8 V SaveCurrent=1 
V_Source:SRC1  N__6 0 Type="V_DC" Vdc=28 V SaveCurrent=1 

RFPower=-10
f_space=5e6
f_c=2.4e9
HB:HB1 MaxOrder=7 Freq[1]=f_c-f_space/2 Freq[2]=f_c+f_space/2 Order[1]=7 Order[2]=7 StatusLevel=2 PackFFT=no Restart=no OutputBudgetIV=no HBSS_WSP=0 SweepVar="RFPower" SweepPlan="HB1_stim" OutputPlan="HB1_Output" ConvMode=1 ArcLevelMaxStep=0.0 MaxStepRatio=100 MaxShrinkage=1.0e-5 ArcMaxStep=0.0 \
UseKrylov=1 KrylovPrec=1 \


SweepPlan: HB1_stim Start=-10 Stop=50 Step=1 

OutputPlan:HB1_Output \
      Type="Output" \
      UseNodeNestLevel=yes \
      NodeNestLevel=2 \
      UseEquationNestLevel=yes \
      EquationNestLevel=2 \
      UseSavedEquationNestLevel=yes \
      SavedEquationNestLevel=2 \
      UseDeviceCurrentNestLevel=no \
      DeviceCurrentNestLevel=0 \
      DeviceCurrentDeviceType="All" \
      DeviceCurrentSymSyntax=yes \
      UseCurrentNestLevel=yes \
      CurrentNestLevel=999 \
      UseDeviceVoltageNestLevel=no \
      DeviceVoltageNestLevel=0 \
      DeviceVoltageDeviceType="All"

Tran:HB1_tran HB_Sol=1 SteadyState=1 StatusLevel=3 \
Freq[1]=f_c-f_space/2 Order[1]=7 

Component:tahb_HB1 Module="ATAHB" Type="ModelExtractor" \ 
 Tran_Analysis="HB1_tran" HB_Analysis="HB1" 

Short:I_in  V_in N__1 Mode=0 SaveCurrent=yes 
Short:I_out  N__0 V_out Mode=0 SaveCurrent=yes 
Short:I_G  N__4 V_G Mode=0 SaveCurrent=yes 
Short:I_D  N__6 V_D Mode=0 SaveCurrent=yes 
aele Spektrum_W=0.5*real(V_out*conj(I_out.i));Spektrum = 10*log(Spektrum_W)+30;P_out_f1_W = mix(Spektrum_W,{1,0},Mix);P_out_f2_W = mix(Spektrum_W,{0,1},Mix);P_out_dBm=10*log(P_out_f1_W+P_out_f2_W)+30;TransGain=P_out_dBm-RFPower;P_DC=real(V_D[0]*I_D.i[0]+V_G[0]*I_G.i[0]);Pfund_low=mix(Spektrum,{1,0},Mix);Pfund_high=mix(Spektrum,{0,1},Mix);P3rdOrd_low=mix(Spektrum,{2,-1},Mix);P3rdOrd_high=mix(Spektrum,{-1,2},Mix);ThirdOrdIMD_l=P3rdOrd_low-Pfund_low;ThirdOrdIMD_h=P3rdOrd_high-Pfund_high;P5thOrd_low=mix(Spektrum,{3,-2},Mix);P5thOrd_high=mix(Spektrum,{-2,3},Mix);FifthOrdIMD_l=P5thOrd_low-Pfund_low;FifthOrdIMD_h=P5thOrd_high-Pfund_high;P7thOrd_low=mix(Spektrum,{4,-3},Mix);P7thOrd_high=mix(Spektrum,{-3,4},Mix);SeventhOrdIMD_l=P7thOrd_low-Pfund_low;SeventhOrdIMD_h=P7thOrd_high-Pfund_high;
Port:Term1  V_out 0 Num=1 Z=50 Ohm Noise=yes 
Port:PORT1  V_in 0 Num=3  Z=50 Ohm  Freq[1]=f_c -f_space/2 Freq[2]=f_c+f_space/2    P[1]=polar(dbmtow(RFPower-3),0) P[2]=polar(dbmtow(RFPower-3),0) Noise=yes Pac=polar(dbmtow(0),0) 
